2016-01-15
2016-01-16
[international, iran, nuclear] 0.786162601954713
2016-01-17
[clinton, democratic, hillary, sanders, bernie] 0.8518621016638082
[deal, iran, nuclear] 0.7468334360182058
[over, back] 0.717350862866878
2016-01-18
[king, martin, jr] 0.8012290515080376
2016-01-19
2016-01-20
2016-01-21
2016-01-22
[bush, jeb] 0.7720721812951598
2016-01-23
[donald, trump] 1.0
[rubio, marco] 0.9064546492619353
[area, afternoon, maryland] 0.8427267823420268
[would, if, than] 0.7802153786047884
[reporting, editing, additional] 0.7702490694322663
[snow, storm, district] 0.7652060156667218
[york, city] 0.751219512195122
[independent, considering] 0.7481961733240504
[voters, poll] 0.7334277301098708
[region, conditions] 0.7279877111793649
[service, roads] 0.7261271954215739
[going, well] 0.7147115650905767
[washington, d] 0.7101336077958833
2016-01-24
[george, bush, w] 0.8203081885555548
2016-01-25
[receive, updates] 0.7740235306730042
2016-01-26
2016-01-27
[oregon, enforcement] 0.7269060105617975
[debate, fox] 0.7180137877499324
2016-01-28
[des, moines] 1.0
[rick, santorum] 0.9412232649979996
[bush, jeb] 0.8508386890469539
[cases, zika, virus, disease, linked] 0.8442406122163659
[fox, debate] 0.7867298578199052
[street, wall] 0.7412544565973712
2016-01-29
[rubio, marco] 0.8686760434160393
[partners, receive, updates, sponsors] 0.8363860794863894
[iowa, caucuses] 0.7853338902166199
[out, would] 0.745130179446347
2016-01-30
[rubio, marco] 0.9387295995108043
[clinton, sanders, bernie] 0.8990613536004468
[syria, turkey] 0.7348469228349533
[campaign, voters] 0.7170376649613194
2016-01-31
[moines, des] 1.0
[clinton, sanders, bernie] 0.8553666273375221
[i, think] 0.8153011869595987
[presidential, iowa] 0.7528944741679272
2016-02-01
[rubio, marco] 0.9805585865960651
[democratic, hillary, bernie, sanders] 0.8319266789060498
[they, there, if, can, what, how] 0.745588094407057
[iowa, campaign, voters] 0.728927515687182
2016-02-02
[ben, carson] 0.8774302861213651
[trump, cruz, ted] 0.8529084155800214
[clinton, hillary, sanders, bernie] 0.842879327686603
[night, rubio, marco] 0.8378142265838491
[com, publisher, talkingpointsmemo] 0.830467862971599
[iowa, campaign, caucus] 0.7390798600787991
2016-02-03
[marco, rubio] 0.9882842567595803
[cases, zika] 0.8448290809317425
[iowa, race] 0.8244856581425972
2016-02-04
2016-02-05
2016-02-06
[cruz, ted] 0.9298766531961498
[super, bowl] 0.8990864789999637
[s, u] 0.8976188737506404
[clinton, hillary, sanders, bernie] 0.892186083916025
[ben, carson] 0.883327273851278
[states, united] 0.8607068760795467
[rubio, marco, jeb, kasich] 0.846208350761342
[she, her] 0.7904398960662176
[nfl, football] 0.7894758691630923
[chris, christie] 0.7851649206092828
[debate, hampshire] 0.7522264343255056
[presidential, candidate] 0.7462089289823972
[twitter, follow] 0.7451393223162092
[if, you, like] 0.7435793412981144
[after, were] 0.7268355534944684
[so, their] 0.7263681592039801
[president, obama] 0.7139834345716713
[them, other] 0.7135770327030205
[launch, korea] 0.7114761746590239
2016-02-07
[super, bowl] 0.8939681448566069
[ben, carson] 0.8844669460665289
[debate, rubio, christie, chris, marco, jersey] 0.8098393634864365
2016-02-08
[super, bowl] 0.8087105103116039
[their, all, new] 0.7262443871965538
2016-02-09
[sanders, bernie] 0.9965970871907581
[rights, updates, ad, stories, reserved, display, monthly, atlantic, please, purchase, copyright] 0.8417242308379198
[after] 0.8307692307692307
[writing, access] 0.8037383177570093
[hampshire, primary, polls] 0.7611317126767683
[receive, ads] 0.7280337214574902
2016-02-10
[com, talkingpointsmemo, marshall] 0.897477111798189
[new] 0.8571428571428572
[democratic, bernie, hillary, sanders] 0.8257003599689593
[rubio, marco, jeb] 0.8061724839507951
[editor, publisher, josh] 0.7708555722489002
[bush, kasich, ohio] 0.7601436673446265
[hampshire, primary, candidate] 0.7544618152400534
[chris, christie] 0.7516372044777131
[voters, victory] 0.7316551787792631
2016-02-11
[sanders, bernie] 0.9841269841269841
[south, carolina] 0.8716058117393584
2016-02-12
[sanders, bernie] 0.9517196436266431
2016-02-13
[court, justice, supreme, death] 0.8463560811808549
[reagan, ronald] 0.8405770818531592
[south, carolina] 0.8259907272175834
[bush, jeb] 0.7955088920835471
[his, president, obama, senate] 0.7574500954997226
[justices, decisions] 0.723287688331229
[george, w] 0.7146715797461426
[anthony, kennedy] 0.7108847211724844
2016-02-14
[cruz, ted] 0.9307363205079107
[south, carolina] 0.8840628416972117
[court, justice, supreme, conservative] 0.8482262194979127
[kennedy, anthony] 0.8267609977959133
[presidential, republican] 0.8148148148148148
[bush, george, w] 0.7628548265517954
[president, obama, senate, confirmed] 0.7532748026174279
[jeb, marco] 0.72
2016-02-15
[court, justice, supreme] 0.8019603140497666
[article, facebooksharetweet] 0.7850928662766598
[president, obama] 0.75462376599937
[south, carolina] 0.7429005668567874
[george, w] 0.7425368917951911
[one, most, many] 0.734387819539185
[republicans, majority] 0.7109616303358952
2016-02-16
[court, justice, supreme] 0.8907020553279745
[nominee, republicans] 0.8037383177570093
[president, obama, senate] 0.766085551910106
[some, now] 0.7265541318320099
2016-02-17
[court, supreme] 0.8161308647228248
[south, carolina] 0.7905009033128682
2016-02-18
[pope, border, francis, mexico] 0.7926088536440555
2016-02-19
[rubio, marco] 0.9597648064967628
[trump, donald, carolina] 0.8332504843124744
[article, facebooksharetweet] 0.7680726523049558
2016-02-20
[george, w] 0.8978863618940174
[south, carolina, cruz, ted, rubio, marco, bush, jeb] 0.859448941553105
[court, justice] 0.7636824649647312
2016-02-21
[rubio, marco] 0.9804580173944836
[trump, republican, donald, south, carolina, primary, bush, jeb] 0.8263617313510657
[win, voters] 0.7225130966461264
[saturday, night] 0.7107139185731963
2016-02-22
[rubio, marco, florida] 0.838384558144831
2016-02-23
[rubio, marco] 1.0000938394409236
[ben, carson] 0.8398412548412546
[article, facebooksharetweet] 0.7265002674637386
2016-02-24
[partners, receive, updates] 0.7982131959059738
[court, supreme] 0.792390041759932
[about, would] 0.776608357649543
[people, do] 0.7170772886376237
[ted, rubio] 0.7143980603609006
2016-02-25
[also] 0.8481012658227849
[receive, partners] 0.7148055987371549
2016-02-26
[rubio, marco] 0.9528705123076121
[trump, donald, republican] 0.8787443460916993
[he, about, his] 0.7720968958250735
[chris, christie, endorsement] 0.7613413683033212
[i, had] 0.7138956902765428
2016-02-27
[trump, donald, rubio, marco] 0.9115058275601541
2016-02-28
[clinton, hillary] 0.9259731658395267
[tuesday, super] 0.8641446821835055
[campaign, presidential, trump, donald] 0.8365383297701339
2016-02-29
[trump, donald] 0.9804580173944836
[tuesday, super] 0.8253873041370191
[court, supreme] 0.7936299185207532
[said, monday] 0.7402777855556728
2016-03-01
[trump, donald] 0.9508429215454561
[virginia, alabama, tennessee] 0.7436420539333277
2016-03-02
[rubio, marco] 0.9277070746185123
[trump, donald, republican, party] 0.8045975176578463
[editor, josh] 0.7430663150484383
[delegates, convention] 0.7138315087285783
2016-03-03
[nominee, romney, mitt] 0.8608026765817729
2016-03-04
[rubio, marco] 0.8639111997903574
[trump, donald, republican, nominee, romney, mitt] 0.8405292293459065
[kasich, ohio] 0.7713498662739078
2016-03-05
[marco, rubio] 0.9678908990706048
[john, kasich] 0.7747438865485797
[its, still] 0.7488564777247789
[people, you, come] 0.7388596683761981
[conservative, conference] 0.724200878795251
[louisiana, maine] 0.715589938572713
2016-03-06
[angeles, los] 1.0
[sanders, bernie] 0.9471519046225182
[cruz, ted] 0.8887383478786466
[rubio, marco] 0.8505930541836163
[husband, lady, reagan, nancy, died] 0.8357591718884068
[germany, german] 0.8044990735522671
[trump, donald, republican, candidate] 0.7994851561772931
[win, kansas, caucuses] 0.7860316168991984
[press, associated] 0.7611628479959937
[maine, wins] 0.7536245498870038
[kasich, ohio] 0.7339441672711856
2016-03-07
[she, her] 0.8204509132831301
[clinton, sanders] 0.7905759470271322
[wall, street] 0.7754550942443638
[when, i, people] 0.7480250640973589
[about, been, their, what, you] 0.7462201944635791
[or, would] 0.7456716328643118
[michigan, flint] 0.7438770053492546
2016-03-08
[kasich, delegates] 0.7574864178826387
2016-03-09
2016-03-10
2016-03-11
[trump, donald] 0.9477280088384684
[who, his, i] 0.7732542890244402
[kasich, ohio] 0.7573711884286614
2016-03-12
[donald, trump, rally] 0.840330150675185
[service, secret] 0.7634317956248728
[chicago, protesters] 0.7438847441830613
2016-03-13
[supporters, sanders, bernie] 0.8378866133568761
[his, trump, donald, presidential, republican] 0.8113890001837154
2016-03-14
[trump, donald] 0.9466044208922885
2016-03-15
[vladimir, russian, putin] 0.9181260805670541
[receive, partners] 0.7719157015450069
[ohio, kasich] 0.753072354154667
[trump, supporters] 0.7134533422885129
2016-03-16
[donald, trump] 0.9800981258409024
[illinois, missouri] 0.8240220719595416
[delegates, primaries] 0.8203119855115004
[c, d] 0.8107061468022511
[party, primary, florida] 0.7904784060057317
[john, kasich] 0.7848023455170913
[court, obama, supreme, justice] 0.7472691434603546
[would, him] 0.7456265322302353
[republican, nomination, nominee, senate] 0.7268356242829187
2016-03-17
[nomination, nominee] 0.778154684983031
[court, supreme] 0.7594139701143275
2016-03-18
[like, only] 0.7138432948476974
2016-03-19
[minister, prime] 0.8977960713351606
[press, associated] 0.8112984629938732
[rally, protesters] 0.7728972489364396
[he, who, two] 0.7709592534210123
2016-03-20
[states, united] 0.8512102607776274
[syria, syrian] 0.7829522622831133
[charged, arrested] 0.7751196172248804
[one, out, were, police] 0.7469053542417257
[over, against] 0.7131633389314732
2016-03-21
[obama, cuba, cuban] 0.77386330478943
[terrorism, terror] 0.7576758682143635
2016-03-22
[abdeslam, salah] 0.9679809726458427
[states, united] 0.9027212989228927
[minister, prime] 0.8705542028175698
[san, bernardino] 0.8536100618789861
[attacks, brussels, paris, europe, european] 0.8326772214835128
[were, s, u] 0.8217102143164401
[cuba, cuban] 0.8034886548280891
[president, obama] 0.7859169835890033
[middle, east] 0.7848866747738608
[airport, station, metro] 0.7757511897020206
[suspect, alert] 0.7526910503579554
[all, time] 0.7467051546751335
[after, its] 0.7338248081428139
[their, which, people, also] 0.7220968911437101
2016-03-23
[cruz, ted] 0.9466477517659002
[syria, iraq] 0.8083253788453785
[brussels, attacks, islamic, europe, european] 0.7806905926978966
2016-03-24
[attacks, brussels] 0.724917418164231
2016-03-25
[twitter, follow] 0.8014406749097501
[syria, iraq] 0.7575582870281241
[attacks, brussels, terror] 0.7474816508033898
2016-03-26
[attacks, brussels] 0.7696885084972414
[were, week] 0.71094786616357
2016-03-27
[killed, suicide] 0.8117237015579117
[attacks, brussels, europe] 0.7542772193833669
[syria, islamic] 0.7514430561703705
[muslim, muslims] 0.7465575862348449
2016-03-28
2016-03-29
[manager, lewandowski, corey, michelle, fields, battery, arm, misdemeanor] 0.8594087473361739
2016-03-30
[abortions, punishment] 0.7374111785789296
[would, after] 0.7135678391959799
2016-03-31
[also] 1.0666666666666669
2016-04-01
[after, had, also] 0.7572853093863003
[nuclear, korea, summit] 0.7472348320085169
2016-04-02
[angeles, los] 1.0
2016-04-03
[trump, donald] 0.9761673955933757
[convention, nomination, delegates] 0.7445032046943115
2016-04-04
[more, which, some] 0.7636540981801807
2016-04-05
[s, u] 0.8953084288608477
[walker, scott] 0.8820960698689956
[convention, delegates] 0.7578881066017473
[or, will, only] 0.7551422933539258
[signed, discrimination] 0.7465736239521024
2016-04-06
[cruz, wisconsin, win] 0.8091617697180729
[ted, delegates, convention, winning] 0.746227155606413
[or, their] 0.7455304950096755
2016-04-07
[about, more, would, up, first] 0.7525405922758299
[receive, partners] 0.7201384482274117
2016-04-08
2016-04-09
2016-04-10
[clinton, hillary] 0.9882592531690497
2016-04-11
[delegates, delegate] 0.8015630310695716
[about, also] 0.7465575862348448
2016-04-12
[gender, lgbt] 0.8571428571428571
[receive, updates, partners] 0.778382806110016
2016-04-13
[daily, partners, images, ideas, atlantic] 0.8465541971959994
[they, or] 0.7581416122253787
2016-04-14
[ideas, stories, atlantic, images] 0.8328361450756782
2016-04-15
[about, their] 0.7268668672333486
2016-04-16
[their, them] 0.7105909478598749
2016-04-17
[convention, conventions] 0.7710579232757895
2016-04-18
[she, her] 0.8624449898844386
[court, supreme] 0.8365892305732401
2016-04-19
[ideas, stories, images, atlantic] 0.7626081183017511
2016-04-20
[new, york] 0.752489851424846
[receive, partners, stories, images] 0.740490018100859
[delegates, convention] 0.7209625220785025
2016-04-21
[prince, music] 0.736364339892888
2016-04-22
[bathroom, transgender] 0.8205462811261682
[states, united] 0.7778419815446838
[are, said, also] 0.7672667313052395
[stories, images] 0.7596925056869724
[new, york] 0.7253964995879489
2016-04-23
[about] 1.08
[street, wall] 0.7458689634148833
2016-04-24
[his, would, could] 0.7657881857664575
2016-04-25
[stories, images, atlantic] 0.7534922430759802
[billion, buy] 0.7522885367183492
2016-04-26
[who, or, if, than] 0.7834358071528252
[island, maryland] 0.7536245498870038
[receive, atlantic] 0.7262040399862202
2016-04-27
[cruz, ted] 0.8523659127037996
[island, maryland, connecticut, delaware] 0.8521398568874575
[trump, donald, clinton, hillary, sanders] 0.8503015746127572
[nomination, delegates] 0.7497404395146353
[stories, images] 0.7401979852322235
[or, will, other] 0.7148269701834273
2016-04-28
2016-04-29
[los, angeles] 0.9688410181043923
[receive, partners] 0.7935526958535745
[reporting, editing] 0.7757085891157649
[images, stories, ideas, atlantic] 0.7616750921701266
2016-04-30
[will, hundreds] 0.7219003657124494
2016-05-01
[trump, clinton, hillary] 0.8430811479917257
[primary, indiana] 0.8214050773977449
[ted, cruz, convention, nomination, delegates, ballot] 0.7882387315537456
2016-05-02
[stories, ideas, images, atlantic] 0.773072009110488
2016-05-03
[daily, updates, images, atlantic, newsletter] 0.8033061795703773
[receive, partners] 0.7327785289129847
2016-05-04
[reince, priebus] 0.9597903698084153
[clinton, hillary] 0.8545499426151726
[trump, republican, donald, cruz, ted, kasich, ohio] 0.823183887688701
[he, his, been] 0.8017803665402083
[daily, ideas, stories, atlantic, images] 0.7806171022385766
[nominee, presumptive] 0.7624179633436761
[campaign, nomination] 0.7255592045950432
[primary, indiana, win] 0.7172482598232218
2016-05-05
[speaker, ryan] 0.7698468932936883
2016-05-06
[clinton, hillary] 0.9380899923039056
[trump, donald, republican, nominee, presumptive] 0.8901962526526304
[he, about, his, i, like] 0.7876133664956109
[paul, ryan] 0.7690845592283384
[stories, images] 0.7230345283737738
2016-05-07
[paul, ryan] 0.7803560200588847
2016-05-08
[name, biggest, coverage, headlines, →] 0.8445845001907621
[his, one, more, there, up, when, after, over, than, other, some, them, because, him, years, where, through, around, never, too, cycle] 0.782022790934099
[says, npr] 0.7802942741771848
[double, opportunities] 0.7751196172248804
[months, amid] 0.7714773897232053
[taken, glass, wealthy] 0.7589976388951005
[become, lost] 0.7588014969449329
[past, industry, meanwhile] 0.7581692138266718
[economy, economic, street] 0.7552694357882728
[life, feel, room] 0.7545156045382193
[paul, businessman] 0.7541532459307815
[go, elsewhere] 0.752785831386662
[until, always] 0.7514940305716138
[nominee, billionaire] 0.7493978613356305
[part, kept] 0.7490516467922875
[take, way, didn, something, wasn, runs] 0.7458591675803252
[time, how, same] 0.741815194577262
[kind, children] 0.7413463981060199
[make, work, though, usually] 0.739057601593183
[last, now, such] 0.7388342514420442
[including, north, although] 0.7384074764619366
[week, election, history, plans] 0.7357445049999772
[those, might, appeared] 0.7329810166516394
[everyone, living] 0.7316551787792631
[city, started] 0.7289649346313959
[seen, cutting] 0.7286345643248753
[few, rare] 0.7284696187399256
[several, ideas] 0.7279772258354237
[met, cultural] 0.7249451916917653
[down, looking, upon] 0.7244134276094347
[least, gas] 0.7217026864893279
[long, necessarily] 0.7162679860995944
[world, myself] 0.7122905027932961
2016-05-09
[daily, subscribe, sponsors, newsletter, atlantic] 0.8599199405539217
[speaker, ryan] 0.7822954749249632
[filed, lawsuit] 0.7559000528816362
[their, can] 0.7396871520523008
[ideas, receive, images, partners] 0.7225436726979547
2016-05-10
[daily, receive, stories, partners, atlantic] 0.7610733692727102
[or, been] 0.7512404314112938
2016-05-11
[clinton, hillary] 0.9291102800484776
[his] 0.8513513513513513
[daily, ideas, receive, images, partners, stories, atlantic] 0.8197245478213823
[trump, party, election] 0.7244320154117894
2016-05-12
[stories, receive, images, ideas, atlantic] 0.8187444299481631
[paul, speaker, ryan] 0.7803978350701295
[daily, newsletter] 0.7113603989770272
2016-05-13
[gender, transgender, rooms] 0.7835634589139917
[ideas, images] 0.7616836931952282
[or, all, there] 0.7546645430376536
[schools, bathrooms, bathroom] 0.7351009178972183
[stories, receive] 0.7327944003799415
2016-05-14
[her, she] 0.9290637873778037
[university, living] 0.7988561937205922
[can, no, any] 0.7763456603139901
[their, them, like] 0.723323135422415
[even, see] 0.7113018744102831
2016-05-15
[presidential, nominee, presumptive] 0.8698265504442566
[twitter, follow] 0.8478728446144698
[about] 0.7843137254901962
2016-05-16
[some, many] 0.7143782515402906
2016-05-17
[clinton, hillary] 0.9342167536289118
[receive, updates, partners, sponsors] 0.8549395414714667
[states, united] 0.854199804908023
[democratic, sanders, bernie] 0.8490755165389468
[twitter, follow] 0.8319940676019757
[street, wall] 0.8044369170351445
[all, them] 0.725868603409365
[been, i, other] 0.7175182969204453
2016-05-18
[receive, partners] 0.769800358919501
[one, their] 0.726493668184663
2016-05-19
[who, they, about, one, or, their, when, can, you, like, now] 0.7636122328263509
[partners, receive] 0.7634025158853176
[she, her] 0.7573595803132162
[twitter, follow] 0.7427934800476974
[clinton, democratic] 0.7327106476623263
[more, which, other] 0.7149553259855947
2016-05-20
[clinton, hillary] 0.9595668129243943
[one, their, all, like] 0.7862848376575012
2016-05-21
[aircraft, flight] 0.8070802794390766
2016-05-22
[follow, twitter] 0.9107530384130682
[clinton, democratic] 0.7634025158853176
2016-05-23
[trial, jury] 0.8216061981401555
[receive, updates, sponsors] 0.7727595452684892
[their, also, will, there, than] 0.7418830988460009
2016-05-24
[trump, donald, republican, presidential] 0.8251824428646258
[clinton, hillary, democratic] 0.8116050555989806
[partners, receive, updates, sponsors] 0.8089071432748339
[nominee, presumptive] 0.7902494331065759
[her, she] 0.7812429799093126
[twitter, follow] 0.7708899370127897
[states, united] 0.7361395783352238
[would, what, just, like] 0.7328738788110313
2016-05-25
2016-05-26
[receive, partners, updates] 0.7653236075457215
[about, more, two] 0.7272313078533587
2016-05-27
[twitter, follow] 0.7579681188640064
[nuclear, bomb, japan, japanese, ii] 0.7512899819760199
2016-05-28
[just, years] 0.7705650820622635
[i, into, them, us, various] 0.7575892362535245
[between, m] 0.7453430969559797
[first, story] 0.7240776885288907
2016-05-29
[clinton, hillary] 0.8870839488673994
[twitter, follow] 0.8529855899304739
[i, because] 0.7912440342718607
[been, when, were, being] 0.7894068172325465
[their, all, like, came] 0.7661546809727082
[much, too] 0.7223055015949473
[she, woman] 0.721648793220184
[where, interesting] 0.7209388385435381
2016-05-30
[twitter, follow] 0.7946687419863908
[now, my] 0.778474979278017
[who, one, been] 0.7453755201390656
2016-05-31
[receive, partners, updates, sponsors] 0.8792403778676211
[states, united] 0.760211993700252
[trump, nominee] 0.7449355793460752
[like, can] 0.7263856745018258
[her, she] 0.7152214546046755
2016-06-01
[building] 25.0
2016-06-02
[angeles, los] 0.9762033121571893
[clinton, hillary, secretary] 0.8395105995770582
[her, she] 0.8363732100684158
[policy, foreign] 0.7533276305696707
[more, after, when, how] 0.738388541716242
[twitter, follow] 0.7300274678002237
2016-06-03
[los, angeles] 0.9964060348779937
[trump, donald, clinton, hillary] 0.8949262502668495
[are, they, about, when, so] 0.7692633774989197
[rally, protesters] 0.7506327339552159
[one, no] 0.7437138204110216
[mexican, heritage] 0.7307288867167857
2016-06-04
[ali, muhammad] 0.9922434164574164
[faith, wonderful] 0.7861147709053763
[my, me, name] 0.7319782643109634
[years, world, us] 0.7310440717492662
[career, joe] 0.7271931091111906
[even, life] 0.7269037033962094
[i, all, you, no, him, like, did] 0.7228421089070811
[fight, ring, fought] 0.717013731303489
[what, because] 0.7128494077125493
2016-06-05
[muslim, muslims] 0.7114761746590239
2016-06-06
[receive, partners] 0.8526029135586208
[she, her] 0.8037500599912116
[he, who, about, they, more, their, or, his, i, all, when, were, if, after, just, people, you, like, many, where] 0.7788723461685936
[one, out, which, would, up, what, over, into, first] 0.7521622187226951
[two, back] 0.738524298942759
[than, some, only, years] 0.7357919685631163
[other, even] 0.7289906248042529
[because, see] 0.7273035256604558
[judge, mexican] 0.7158119658119658
[europe, european] 0.714188063423629
[now, made] 0.7122039818615856
2016-06-07
[angeles, los] 1.0
[mexican, heritage] 0.8536100618789864
[paul, ryan, speaker] 0.8203703125431696
[she, her] 0.8203200911642593
[who, their, been, when, i, also, had, were] 0.7582267754497012
[judge, racist, definition] 0.7574789682717251
[press, associated] 0.7181529318854907
[than, into, some, even] 0.716207980565835
2016-06-08
[los, angeles] 0.9680299110699161
[nominee, clinton, hillary, sanders, bernie] 0.864164544634296
[her, she] 0.8469221321603126
[which, also, would] 0.7543745607885334
2016-06-09
[only, any] 0.810541569053071
[endorsed, endorsement] 0.7632850241545893
[after, can, if, just, like, do] 0.7588570074509665
[their, or, will, also, into, years, even, most] 0.7442860966586159
[white, house, hillary, primary] 0.732714230054357
[receive, partners, updates] 0.7208772778973046
[her, she] 0.7151266046314372
2016-06-10
[clinton, hillary] 0.9163275698786677
[she, her] 0.8371255019468553
[warren, elizabeth] 0.8310502283105022
[who, i, up, after] 0.766444699981053
[there, you, just, how] 0.7271277973543898
[first, most] 0.7202177821891881
2016-06-11
[she, her] 0.8106656490587597
[his, had, when, into] 0.789568149819391
2016-06-12
[s, u] 0.9307482231192217
[monica, santa] 0.8622222222222223
[san, bernardino] 0.8134627966503241
[pic, https] 0.8097839098701208
[radical, islam] 0.7908579681089198
[people, were] 0.7760525749025845
[shooting, mass, history] 0.77248304697162
[community, lgbt] 0.7433956689287043
[attack, gay] 0.7414565408654534
[orlando, sunday, killed, least] 0.7377900575754324
[law, enforcement] 0.7173126507583183
[m, heard] 0.7144405084084117
2016-06-13
[san, bernardino] 0.930129116691089
[s, u] 0.8590742276203923
[orlando, attack] 0.7727184093064865
[who, he, we, his, people, or, out, had] 0.7651521290395201
[i, after, what, do] 0.7400416208492233
[all, into] 0.7214712241473856
[tough, smart] 0.7165348700360716
2016-06-14
[trump, donald] 1.0000645723695505
[clinton, hillary] 0.9333333333333333
[states, united] 0.8400304385542052
[san, bernardino] 0.838853106551203
[are, he, who, they, or, more, their, when, there, what, no, so, can, other, like, them] 0.7910202846179267
[ryan, speaker] 0.7632850241545893
[shooting, gay] 0.7501571122320733
[radical, islam] 0.7156884020854816
2016-06-15
[are, they, one, more, or] 0.7854278620131827
[people, how] 0.7215614477647667
2016-06-16
[who, one, been, also] 0.7519225395245829
[background, checks] 0.738
2016-06-17
[he, they, been, one, more, their, we, out, i, there, what, all, like, now] 0.7702105752308218
[some, could] 0.7399135671678394
[people, were, also, than, other] 0.7375192936298265
[shooting, mass] 0.7142928773224156
2016-06-18
[her, she] 0.803802717285798
[also, just, only] 0.7307704975124707
2016-06-19
[union, european, eu] 0.7794195524162781
[they, when, were] 0.7729225456458995
[what, so] 0.7634473216312597
2016-06-20
[one, had, were] 0.7578801967783901
[manager, corey] 0.7577025288954181
2016-06-21
[more, when, also, had] 0.7469163051927833
[receive, partners] 0.74589290488982
[than, people] 0.7135825003940213
2016-06-22
[donald, hillary, clinton] 0.8565353308592403
[s, u] 0.8497737747662917
[economic, economy] 0.7473123027575823
[more, their, which, will] 0.7471389157839962
[also, had, no, so] 0.7430720344056388
[ryan, speaker] 0.7372382539677523
[republicans, democrats] 0.7173685432789378
2016-06-23
[clinton, hillary] 0.9517196436266431
[more, all, while] 0.7425868661926323
[immigration, immigrants] 0.727320946852445
[supreme, ruling] 0.719229602943037
2016-06-24
[nigel, farage] 0.976241076945754
[johnson, boris] 0.9728074629010183
[minister, prime, cameron] 0.8882288291806544
[northern, ireland] 0.837411055229124
[vote, leave, european, union, britain, brexit, british, london] 0.7992127886445582
[united, states] 0.7932811088434191
[they, their, more, had, what, were, people] 0.7617574390548332
[than, now] 0.74734109562688
[will, if] 0.7392112539161948
[house, white] 0.7216491844411057
2016-06-25
[minister, prime] 0.9243697478991598
[european, union, leave, britain, referendum] 0.8320048454320808
[who, or, their, were, people, after] 0.7920615644428003
[david, cameron] 0.7782887250996934
[brexit, eu] 0.7233331936880188
2016-06-26
[leave, european, britain, british, referendum, eu] 0.8143258179569092
[shooting, mass] 0.8129358769809146
[states, united] 0.8095431535366088
[minister, prime, parliament] 0.8079456396864658
[brexit, uk] 0.7712632876155389
[out, will, many, those] 0.7428007179253143
[there, people] 0.7327046768081235
2016-06-27
[union, european] 0.8583325077599886
[british, minister, prime] 0.8373248523185963
[her, she] 0.7981220657276995
[vote, britain, brexit] 0.7977787796718978
[court, supreme, abortion, clinics, admitting, standards, facilities] 0.7966115932058111
[are, more, will, also, those] 0.7657102186484774
[kennedy, anthony] 0.7515646624601489
[had, out, how] 0.7336607025457489
[were, no] 0.715601781874348
2016-06-28
[ambassador, stevens] 0.8944250458841605
[vote, union, european, britain, brexit, british] 0.8264194762569291
[report, committee, benghazi, select, libya] 0.7956017306969708
[when, even] 0.7728259943278863
[david, cameron] 0.7680312567305726
[they, out, after, or, their, had, what, so, some, no] 0.7643246915327431
[referendum, eu] 0.7273763042543188
[economy, economic] 0.7136172261800994
[obama, administration] 0.7127557637969997
[minister, prime] 0.710010722691882
2016-06-29
[syria, iraq] 0.8093023255813954
[airport, turkey, istanbul, turkish] 0.7900134762935821
[they, more, their, one, or, all, there, we, would, most] 0.7769221957885454
[been, than, other] 0.7514315441035366
[states, united] 0.7448285920960656
[which, out, time] 0.7319377174180742
[european, union] 0.7137801789832111
2016-06-30
[s, u] 0.8466821471968493
[union, european, britain] 0.7802349732607967
[minister, prime] 0.7708366807266275
[one, their, which, some] 0.7677013992233146
2016-07-01
[festival, aspen] 0.8581163303210331
[attorney, lynch, fbi, loretta, phoenix, server] 0.7809938809550238
2016-07-02
[investigation, server, headquarters] 0.8101461424834893
[dead, victims] 0.7783425817178677
[father, born] 0.7583326039432909
[one, which, i, were, after, its, most] 0.7474767062233257
[she, her] 0.7451763017062353
[review, investigators] 0.7438121436445814
[peace, memory, prize] 0.7387704820872952
[could, did] 0.7372382539677524
[all, where, life] 0.7330711715689003
[fbi, prosecutors] 0.7233953554842155
[jewish, israel] 0.7204284439534178
2016-07-03
[clinton, hillary] 0.9475117797658207
[minister, prime] 0.8063933607230886
[union, european] 0.7692307692307693
[attack, killed, attacks, responsibility] 0.7438797002523126
[been, had, were, no] 0.741221813258878
[state, government] 0.7320853688244368
[server, classified] 0.7273763042543188
2016-07-04
[minister, prime] 0.7950009166041363
[union, european] 0.7267720336634346
2016-07-05
[nominee, presumptive] 0.9216330494957812
[actors, hostile, gained] 0.9174273343487789
[north, carolina] 0.8093589339100868
[they, been, there, were, what, no, time, she, her, clinton, hillary, secretary, fbi, email, private, james, comey, charges] 0.7878878161604659
[people, like, them] 0.7552459789746825
[information, server, classified, sent] 0.7526197131728837
2016-07-06
[loretta, lynch] 1.0
[nominee, presumptive] 0.9025929735750648
[who, said, his, they, i, would, could] 0.7618131432477716
[her, she, hillary, comey, classified] 0.7544206572560919
[george, w] 0.7538415778015141
[director, james, fbi] 0.7507839407076382
[had, after] 0.739403666660548
[also, were] 0.7326775934433143
[war, military] 0.7270828094273072
[afghanistan, troops] 0.7207449562261714
[inquiry, tony] 0.713895690276543
[department, justice] 0.7111377458450878
2016-07-07
[clinton, hillary, fbi, comey, classified] 0.8416760805542426
[speaker, ryan] 0.780952380952381
[are, who, they, about, his, were, or, been, i, after, out, there, when, up] 0.7655961776519503
[shot, shooting, sterling] 0.7610613834150899
[hill, capitol] 0.7526967673541368
[her, she] 0.7456583560684863
[had, over] 0.7280457483085977
[officer, video] 0.7211920143256173
[police, officers] 0.711225097575171
2016-07-08
[sterling, alton] 0.9423814758485974
[law, enforcement] 0.8641039016955236
[people, police, officers, dallas, five] 0.8373500456050608
[black, lives] 0.7834860684554865
[thompson, transit] 0.779186806534245
[he, we, they, about, his, i, one, their, or, were, after, been, had, when, there, other, no] 0.7697590915294432
[she, her] 0.7395835837554409
[minnesota, louisiana] 0.7144438343196998
2016-07-09
[law, enforcement] 0.7828994591630573
[minnesota, louisiana] 0.7828162317679211
[dallas, officers, officer] 0.7827210631708794
[police, black] 0.7530374798896824
[rights, civil] 0.7506977718725872
[summit, nato] 0.7455732938382773
[after, over, two] 0.734234679982454
2016-07-10
[minnesota, louisiana] 0.9013597693089072
[law, enforcement] 0.8773980127212921
[police, officers, five, dallas] 0.8175783747959914
[lives, matter] 0.7389539550049423
[we, out, you, being] 0.7353132016983124
[protesters, baton] 0.7151588508460601
2016-07-11
[there, all] 0.8039419868044614
[police, officers, dallas] 0.7859134437613942
[they, more, been, i, we, what, also] 0.7528980267957642
[after, were] 0.7389162561576355
[protesters, protest] 0.7344729362409728
[paul, st] 0.7331763043014258
[so, how] 0.7317637257175357
[people, than] 0.7200043706161051
2016-07-12
[police, officers, dallas] 0.7824872062349484
[black, lives] 0.7395861713053492
2016-07-13
[she, her] 0.8369673395923639
[police, officers] 0.7728972489364397
[mike, pence] 0.7685659811746128
[who, or, one, all, out] 0.7556530809529829
[than, like] 0.7452168651536423
[law, enforcement] 0.7144343125978071
2016-07-14
[mike, indiana, governor, pence, gingrich, newt] 0.8105696950906325
[trump, nominee, presumptive] 0.8078133738594527
[crowd, truck] 0.7483030069131646
[or, just, no] 0.7459205323060507
[running, mate] 0.7227891156462585
2016-07-15
[gingrich, newt] 1.0
[states, united] 0.8771501902279762
[running, mike, pence, mate, indiana, governor] 0.8476736899103955
[turkey, coup, turkish, tayyip] 0.8226966368338829
[attack, nice, france, terrorist] 0.7631651988478595
[he, who, they, his, more, i, all, or, their, also, out, there, no, over, into, like] 0.7590490405712339
[been, would, some] 0.7433451110614862
[obama, barack] 0.7133853023357588
2016-07-16
[running, mike, indiana, pence, gov] 0.8284957391895986
[military, turkey, coup, istanbul, erdogan, recep, tayyip, army] 0.8144097446655222
[president, state, against] 0.8044361281024711
[who, his, more, one, had, after, into] 0.7981828620749812
[minister, prime] 0.7967240040113689
[nice, truck] 0.7667102040418892
[mate, governor, ticket] 0.7465643703458714
[attack, france] 0.7297124965040814
[what, them] 0.7150714132521998
[convention, cleveland] 0.7131633389314733
2016-07-17
[law, enforcement] 0.8618477442981343
[national, republican, convention, cleveland] 0.8047016045684109
[killed, lives, black, baton, rouge, louisiana] 0.7895684190712711
[obama, barack] 0.7484994391428647
[running, mate] 0.7370847579417812
[said, his, people, were, also, will, president] 0.735690991110079
[military, turkish, tayyip] 0.7263710164635175
[police, attack] 0.724486024709932
[shooting, dallas] 0.7135678391959799
2016-07-18
[national, trump, republican, donald, convention, cleveland] 0.8217539792477007
[police, officers, rouge, baton, enforcement] 0.79821375352419
[france, nice] 0.7925748116917782
[minister, prime] 0.7891353709361587
[are, his, more, one, about, their, or, had, what, so] 0.7628121226971982
[states, united] 0.7604303468275607
[out, there, after] 0.7482497988123054
[than, now] 0.7394995737628733
[all, when, we, our] 0.7343156769950312
[paul, manafort] 0.7307597443100229
[attempt, turkish] 0.711672171360188
2016-07-19
[hillary, clinton] 0.9593871612751476
[national, republican, convention, cleveland, gop] 0.7890805131466485
[police, officers] 0.7714896242805205
[arena, loans] 0.7600788270226135
[trump, speech, melania, wife] 0.746413490066936
[president, obama] 0.7383498784359792
[so, first] 0.7280120562199188
[when, than] 0.7276281222657591
2016-07-20
[breitbart, milo, yiannopoulos, tech] 0.885924466022388
[arena, loans] 0.8216993547889758
[her, she] 0.7981544563880374
[trump, campaign] 0.7626349964934026
[racist, harassment, actress] 0.7504813237945847
[national, republican, donald, convention, cleveland] 0.7479334436235328
[had, people, no, like, many, these] 0.7397392675225204
[nominee, gop] 0.7385796226305396
[jones, tweets] 0.7348469228349535
[his, him] 0.7292788306787314
[chris, jersey] 0.726507831959661
2016-07-21
[night, cruz, ted, endorse, conscience] 0.8371797305916162
[trump, republican, donald, convention, national, cleveland] 0.7974859304194254
[stories, extension, ads, select] 0.7965000386875589
[arena, loans] 0.779630553615937
[mike, pence] 0.7776801221082686
[allies, nato] 0.776090337226076
[steps, please, display] 0.7580399006767324
[no, do] 0.7524490048544508
[we, their, can, so, you] 0.7511836866687038
[party, nominee, gop] 0.7464999250491668
[police, officers] 0.7178391257565904
[below, blocking] 0.7106032226106801
2016-07-22
[hillary, clinton] 0.9423299253664479
[below, select, ads, blocking] 0.8211166310091106
[trump, donald, republican, convention, speech] 0.8182756879473307
[mate, tim, virginia, kaine] 0.7787458794887333
[writing, please, steps, display, extension] 0.7758612588449386
[she, her] 0.738922312029228
[who, can, just, so, only] 0.7299212763174909
2016-07-23
[she, her] 0.8571556548085637
[clinton, hillary, democratic] 0.8496483126005996
[running, kaine, mate, tim, sen] 0.8206742866819834
[his, one, also, before] 0.7638534134366258
[virginia, governor, progressive, partnership] 0.7505112219611839
[stories, steps, select, extension, ads] 0.7487194032822959
2016-07-24
[sanders, bernie, emails, wikileaks, debbie, chair, wasserman, schultz, resignation] 0.9058713275479786
[germany, german] 0.8579541614959393
[hillary, clinton, democratic, convention, nominee] 0.8382387913865355
[display, select] 0.7655533353191709
[said, been, which, had, could] 0.7652401328002153
[were, just] 0.7416456913919022
[over, now] 0.7406469592959246
[she, her] 0.7389391636725963
[difference, draw] 0.7326270718490061
[committee, dnc] 0.7269995093094428
[killed, killing, nine] 0.7253233110375662
[russian, russia] 0.7216053531635458
[please, ads] 0.7204284439534178
2016-07-25
[dnc, emails, wasserman, debbie, schultz] 0.8907871727940834
[sanders, bernie, supporters] 0.8405528112297678
[michelle, lady] 0.837411055229124
[national, clinton, hillary, democratic, convention, party] 0.8336613756270124
[stories, display, writing, steps, extension, ads, blocking, select] 0.8121253527315788
[she, her] 0.7981220657276994
2016-07-26
[bernie, sanders] 0.9924212159157723
[continue, extension, blocking, select, ads] 0.8651044633076783
[her, she] 0.7983227592663416
[national, clinton, democratic, hillary, convention, speech] 0.7800800644704522
[writing, please] 0.7606315495891087
[steps, display] 0.7136703559466269
2016-07-27
[bernie, sanders] 0.9882403176173365
[putin, vladimir] 0.8738792249863969
[national, convention, democratic, trump, donald] 0.8304743660495428
[stories, display, writing, ads, select, please, steps, extension, blocking] 0.8263746471072283
[president, clinton, hillary, nominee] 0.8131527354303326
[her, she] 0.7928892789500168
[emails, russia, russian] 0.7707063074629841
[press, conference] 0.7483030069131646
[deleted, listening] 0.7450980392156862
[coverage, headlines] 0.713616585493965
[or, even] 0.7123345030836844
2016-07-28
[sanders, bernie] 0.8778955800717496
[stories, extension, blocking] 0.86244557303661
[she, her, clinton, hillary, democratic, convention, philadelphia] 0.7976866190713879
[joe, biden] 0.7822954749249632
[below, please, display, select] 0.7758578395719332
[when, you] 0.7525863113169378
[one, which, we, their, been, what, all, were, there, can, no, time] 0.7499586331578251
[some, most, years] 0.7367470723410272
[president, obama] 0.7267570248553968
[steps, ads] 0.7200907200910801
2016-07-29
[bernie, sanders] 0.9760000000000001
[continue, extension, select, blocking] 0.8542492115287761
[national, democratic, hillary, clinton, trump, convention] 0.8275194923488559
[steps, writing, below, display, please, ads] 0.7806862314263949
[her, she] 0.7751474526662276
[we, or, which, had] 0.7666941502434509
[their, other] 0.7642409231192068
[russia, russian] 0.7331409809187825
2016-07-30
[one, i, she, her] 0.7795928522827386
[clinton, national, hillary, democratic, convention] 0.7728219837551655
[law, enforcement] 0.7419396497254798
2016-07-31
[we, what, she, clinton, hillary, trump, donald, democratic, convention] 0.8047755559205385
[russian, putin] 0.8018858270234521
[republican, presidential, nominee] 0.77602873438617
[wife, son, constitution, khizr, soldier] 0.7482596487426029
[gold, copy] 0.7389865093369127
[allowed, sacrifice] 0.7336365525852306
[mother, immigrants] 0.7264517494879231
2016-08-01
[continue, select, extension] 0.8248671970703639
[trump, donald, clinton, hillary, democratic, convention, speech] 0.8188460360535603
[writing, stories, please, steps, blocking, ads, display] 0.8147109718359306
[khan, khizr, gold] 0.8054965264393632
[her, she] 0.7643224067640549
[no, into] 0.7204140310865464
[also, there, time] 0.7182953785367668
[presidential, election] 0.7174911226667585
2016-08-02
[clinton, hillary] 0.9684265197826999
[trump, donald] 0.9678016781721697
[stories, below, steps, writing, extension, ads, display, blocking, select] 0.8386566482712585
[she, her] 0.8260145416175215
[paul, speaker, ryan] 0.8233620477975818
[all, can, like, do] 0.7755078553160105
[national, convention, khan] 0.7417761377874948
[one, been, also] 0.7232687665272898
2016-08-03
[clinton, hillary] 0.9478157321629505
[continue, stories, please, ads, display, extension, select, blocking] 0.8701882510257425
[trump, donald, nominee] 0.848856635246427
[paul, ryan, speaker, endorse] 0.833220308685326
[about, his] 0.7200459682053715
2016-08-04
[olympic, rio] 0.956298161561564
[trump, donald, republican] 0.8828413002726953
[clinton, hillary, nominee] 0.8163590625208696
[below, ads, display, select] 0.809295984872823
[paul, ryan, speaker, endorse] 0.7903449974375708
[states, united] 0.789721236891961
[we, one, more, or, been, all, when, would, there, can] 0.7633366593381152
[stories, please] 0.7427483077392208
[no, only] 0.7272893255509959
[you, like] 0.7137750909689229
2016-08-05
[trump, donald, clinton, hillary] 0.8775937045401639
[continue, ads, display, steps, blocking, select, extension] 0.8610637747569062
[de, janeiro] 0.8134585837746283
[rio, olympics, olympic, athletes] 0.8067190518080635
[she, her] 0.7633461823634254
[writing, stories, below, please] 0.7549164993171367
[republican, nominee] 0.7542046711205483
[paul, ryan, speaker] 0.7527618018213413
[people, because, into] 0.7520157292234817
[they, said, about, his, one, been, more, will, i, we, out, up, what, like, can, just, some] 0.7464648055042843
[there, or, which, had, were, no, only, most] 0.7439001783529676
[brazil, brazilian] 0.7368547489866113
[when, than, you] 0.7207167479117917
2016-08-06
[brazil, brazilian] 0.7985969970792972
[de, janeiro] 0.7561230741583521
[rio, games, olympic, athletes] 0.7406768067661164
[olympics, ceremony] 0.7333623819938226
2016-08-07
[her, she] 0.8571428571428571
[rio, olympic, games] 0.8253451351483492
[clinton, hillary, nominee] 0.822659015001267
[de, janeiro] 0.7891148830780937
2016-08-08
[clinton, hillary] 0.9888207287475163
[paul, ryan, speaker] 0.8541373865762982
[rio, olympic] 0.7811292070343374
[we, out, when, so, you] 0.7529359143466384
[tax, taxes, reform] 0.740320054340136
[star, gold] 0.7265326261276783
2016-08-09
[clinton, hillary] 0.9250907540087894
[stories, below, display, writing, select, ads, please] 0.8380488781357198
[great, blocking, extension] 0.8287549083980277
[states, united] 0.8223277619377071
[her, she] 0.7981220657276995
[olympics, rio] 0.7867298578199052
[they, if, you] 0.7313086195074487
[gold, olympic] 0.7117727287054544
2016-08-10
[clinton, hillary] 0.9801017548930218
[continue, display, please, ads, extension, select, blocking] 0.894347896062866
[she, her] 0.8043925189086025
[there, can] 0.8037546219229813
[who, they, one, which, or, we, when, what, also, you, just, so, into] 0.761413973822732
[stories, below, writing, steps] 0.7598459568135176
[after, if, could] 0.7584563830413419
[gets, judges, folks] 0.7499263271777153
[don, know] 0.7128843712716723
2016-08-11
[clinton, hillary] 0.9641691564200003
[rio, olympic] 0.8726474526362332
[her, she] 0.85336568385799
[below, stories, steps, please, display, ads] 0.793317603510892
[which, had, after, out, also] 0.7595637136623936
[when, there, like, many] 0.7353849763468251
2016-08-12
[her, she] 0.8777313558655578
[rio, olympic, medal] 0.7742412217556931
[more, when, which, time, years] 0.7504189791648948
[writing, stories, steps] 0.7334891302063611
[below, display] 0.7234811529971215
2016-08-13
[los, angeles] 1.0
[win, gold, medal, silver] 0.7796257046495997
[olympic, games, rio, olympics] 0.775461519418367
[swimming, pool] 0.7696313059771149
2016-08-14
[rio, olympic, games, olympics] 0.8070465890001873
[he, his, one, had, after] 0.7987489094389993
[michael, phelps] 0.7920905298054052
[she, her] 0.7868699325753675
[gold, medal, bronze, silver] 0.7575882297911242
[been, two] 0.7532574534269086
[scene, suspect, fled] 0.73046117654223
[died, death] 0.7200907200910801
2016-08-15
[clinton, hillary] 0.8783745825447927
[below, ads, steps, blocking] 0.82816661595268
[stories, writing, please, display, select] 0.7943699317978491
[rio, olympic, olympics] 0.7776496576113225
[been, we, all, into] 0.7538641842865128
2016-08-16
[clinton, hillary] 0.9159643863973879
[her, she] 0.7867368611523737
[below, select, display, ads, steps] 0.7443120801669396
[stories, writing] 0.7326732673267327
2016-08-17
[clinton, hillary] 0.9065220211189731
[more, been, when, what] 0.8076766743295591
[breitbart, bannon, stephen] 0.7963787232099073
[paul, manafort] 0.7639060698960627
[continue, please, display, below] 0.7601973359770525
[writing, steps] 0.7516372044777131
2016-08-18
[olympic, rio, brazilian, swimmers] 0.7786931648892907
[been, they, one, more, their, out, after, time] 0.7551044667573859
[continue, steps, please, display, ads] 0.7488495550852803
[people, up, just] 0.7393879518376734
[which, other] 0.7223873601061952
2016-08-19
[clinton, hillary] 0.9111335539551708
[paul, manafort] 0.7760774211601893
[ads, please] 0.7726336253222702
[victims, flood] 0.7701471407002363
[below, display] 0.7150575440308312
[been, new] 0.710010722691882
2016-08-20
[they, their, all, had, over, no] 0.7766436676841895
[team, olympic, olympics, rio] 0.7636767174648128
[first, told] 0.7368772725230128
[usa, basketball] 0.7335053780631933
2016-08-21
[foundation, donations] 0.8067610579617409
[rio, olympics] 0.764423029460991
[team, olympic, final, games, medal, medals] 0.7414513336346352
2016-08-22
[los, angeles] 0.9761502347426739
[her, she] 0.8622331087977142
[states, united] 0.842451417014221
[de, janeiro] 0.8113433380095662
[rio, games, olympic, olympics, athletes] 0.793896693723753
[said, they, which, about, been, more, or, when, after, had, what, one, were, i, we, their, there, than, out, would, people, if, up, all, over, some, its, no, other] 0.7657944245811693
[also, new, last] 0.7484284152278406
[can, so] 0.7330158062626043
[just, most, years] 0.7329628830830968
[like, do] 0.7146662546497076
[russia, russian] 0.7144920837443782
[two, them] 0.7136925234253425
2016-08-23
[presidential, clinton, hillary] 0.8677236665211951
[continue, select, ads, camera, captures] 0.8635402632086958
[she, her] 0.8416367107596199
[writing, stories, steps, please, display] 0.8054251997604569
[were, people] 0.7576253066742565
2016-08-24
[clinton, hillary, nominee] 0.8318097851945889
[stories, ads, camera, display] 0.7977137097431185
[below, steps] 0.7583903117566858
[she, her] 0.7572815533980582
[said, about, we, up] 0.7412259548489551
[more, their, people] 0.7237987041772311
[writing, please] 0.7207228514286392
[there, some] 0.7204943357945904
[new, york] 0.7134232378006974
2016-08-25
[states, united] 0.8438125981690057
[campaign, clinton, hillary] 0.8376782094624986
[below, writing, please, steps, select, camera, ads, blocking, display, captures] 0.8327984060922345
[she, her] 0.8038712000126511
[who, they, about, which, more, been, when, up, all, new, no, them] 0.7617805715966298
[or, there, what, into] 0.7265909129463038
[only, most] 0.726414014332286
[than, years] 0.7123879026339306
2016-08-26
[clinton, hillary] 0.9852148223562149
[she, her] 0.780952380952381
[who, they, said, been, their, when, which, had, after] 0.7755019273783832
[were, no] 0.7580953065407182
[ads, steps, please] 0.7562817888167352
[you, re] 0.7439089965235324
2016-08-27
[joni, ride] 0.9342167536289118
[italy, italian] 0.8528243907246633
[black, street] 0.7513274382803272
[been, two] 0.7291464499361875
[policies, promise] 0.7178203461052676
2016-08-28
[trump, donald, presidential, clinton, hillary] 0.8720833284608442
[about, also, what, people, just, into] 0.7533462720653217
[she, her] 0.7454962276127751
2016-08-29
[writing, display, please, steps, blocking] 0.7786645770857628
[about, or, been, when, were] 0.7732461451837204
[anthem, francisco, colin] 0.768369921263796
[actor, factory] 0.7613664101101142
[stories, below] 0.7333281871978696
2016-08-30
[clinton, hillary] 0.8895923567379732
[writing, display, below, camera, ads] 0.7827154592912434
[are, they, about, or, more, one, will, just] 0.7668829156103598
[please, stories, steps] 0.7295996514141687
[do, going] 0.728464396767948
[up, like] 0.7216053531635459
2016-08-31
[mexico, immigration, nieto, mexican, enrique] 0.8077399675209106
[stories, below, steps, please, ads, blocking, display] 0.7885643005169639
[more, been, or, any] 0.7796217648666893
2016-09-01
[she, her] 0.7810935504324862
[please, camera] 0.7751196172248804
[immigration, immigrants, deportation] 0.752958775748795
[stories, below, ads] 0.7412095120915951
[after, new, york] 0.733517733064333
[mexico, mexican] 0.7226226941279422
2016-09-02
[clinton, hillary] 0.9516560529072604
[new, york] 0.7823959374790581
[she, her] 0.7815514360586505
[about, one, been, had] 0.7689324478556792
[stories, please] 0.7528083205183296
[writing, ads] 0.7356987593959925
[below, display] 0.7184926192313573
2016-09-03
[were, also] 0.7389228338617314
[when, some] 0.7350503202003297
[where, us] 0.714773782136211
2016-09-04
[she, her] 0.8823462034540229
[will, them] 0.7634399606942343
[no, told] 0.7161197382670921
2016-09-05
[russian, putin] 0.8711574061772354
[which, last] 0.7752551642270074
[china, summit] 0.7710666447995471
2016-09-06
[clinton, hillary] 0.9333574876101541
[she, her] 0.8150949879118458
[street, please, below, steps, ads] 0.7922980904395794
[they, about, one, we, after] 0.7610566126857083
[there, new, york] 0.747182073243227
[some, them] 0.7456792138373877
2016-09-07
[clinton, hillary] 0.9433119513515916
[she, her] 0.7867364112533745
[stories, please, ads] 0.7528961300289743
[they, them] 0.7373585523586188
2016-09-08
[russia, putin, vladimir] 0.8388772236782376
[johnson, gary, aleppo, libertarian] 0.8042117536164799
[she, her] 0.7988354887823513
[forum, nbc, lauer] 0.7963971832382829
[steps, below, display, camera, please, ads] 0.7738125784398907
[new, york] 0.7575248410243939
[about, or, also, had] 0.7547647314440639
2016-09-09
[clinton, hillary] 0.9477854723074163
[russian, putin, vladimir] 0.8789467405014277
[writing, please, camera, ads, blocking] 0.7719570455145428
[said, about, we, more, been, which, will, when, up, what, if, can, so, some, do] 0.7649945470758387
[after, its] 0.7547128453667641
[th, anniversary] 0.7524440085477533
[because, she, her] 0.750828424541437
[than, like] 0.7337344672504134
[below, display] 0.715888853265631
2016-09-10
[supporters, racist, sexist, grossly, homophobic] 0.8636312755386613
[one, their, other] 0.7820299204621631
[her, she] 0.7634112182571552
[players, football] 0.7141393794071097
2016-09-11
[clinton, hillary, presidential, nominee] 0.840670003224402
[dr, lisa, physician] 0.8233875031836497
[she, her] 0.7521708619323737
[beautiful, diagnosed, schedule] 0.7427417703704934
[th, memorial, ceremony, apartment, attended, nick] 0.7304123993385504
[later, feeling] 0.726685017866976
[into, then] 0.7263429586953445
2016-09-12
[tax, returns] 0.8822282291628755
[continue, steps, ads, select] 0.8671874121848567
[writing, stories, display, please, below, blocking] 0.8068553977989609
[privacy, creates] 0.7948827165857171
[conspiracy, theories] 0.7923267817407534
[she, her, clinton, campaign, hillary, pneumonia, diagnosed] 0.7877301298854356
[who, more, some] 0.7776482776027249
2016-09-13
[clinton, hillary] 0.9683746993583277
[their, than] 0.759644775341683
[stories, please, steps] 0.7498225944508162
2016-09-14
[trump, donald, clinton, hillary] 0.8647112774603841
[she, her] 0.841774384142807
[steps, please, display] 0.7723022664054023
[when, were, there] 0.7663251853629987
[healthy, excellent] 0.7353796419860829
[condition, doctor] 0.7145582183529553
[writing, ads] 0.7118866841789192
2016-09-15
[trump, clinton, hillary] 0.8811657270676256
[she, her] 0.8275820423813031
[writing, steps, ads, display] 0.7665489694494051
[out, also] 0.763678546286924
[will, new] 0.745157740192443
[about, or, when, which, would, after, you, how] 0.7444731618071522
[what, do] 0.7380061799242345
[some, say] 0.737589717957438
[been, had] 0.7203026481848666
[please, below] 0.713634800003071
2016-09-16
[trump, donald, clinton, hillary, presidential] 0.8816659782619758
[states, united] 0.869671368961682
[continue, extension, blocking] 0.861358180496415
[stories, please, steps, display, select, ads] 0.8137846083789242
[he, we, when, new] 0.7830405636399704
[president, obama, barack, birther, birth, certificate] 0.7562459223148886
[she, her] 0.7454403769499058
2016-09-17
[she, her] 0.809511420617976
2016-09-18
[device, blocks] 0.8070802794390766
[de, blasio] 0.7787662853408389
[st, cloud, mall] 0.7675257654848651
[explosion, bomb, chelsea, blast, manhattan] 0.7588658054468873
[said, people, were] 0.7339793549428144
2016-09-19
[clinton, hillary] 0.9805585865960651
[citizen, afghanistan] 0.8578370045540852
[follow, please, display, steps, ads] 0.8078740651480849
[islamic, islam] 0.7986080791557674
[chelsea, explosion] 0.7758978065619324
[continue, extension] 0.7746426979128168
[jersey, suspect] 0.7489810315521567
[we, new, all, what, people, york] 0.7441746856684788
[writing, below, stories] 0.7361762954977558
[khan, elizabeth, seaside] 0.7153447649774818
2016-09-20
[clinton, hillary] 0.9684696814811409
[stories, below, ads, display, please] 0.7929377288295736
[jersey, bombings] 0.7855439216326314
[after, there, if, some] 0.7748350453036724
[george, w] 0.7718941043729542
[they, his, which, one, or, were, also, what] 0.7640121641479878
[writing, steps] 0.7454023471880287
[syria, syrian] 0.7452212264595165
[new, york] 0.7267148302461254
[bombing, bombs] 0.72
2016-09-21
[aid, humanitarian] 0.8159457172533225
[syria, syrian] 0.8047158848583852
[below, stories, please, display, steps, ads] 0.7723194621479401
[they, their, if] 0.7598694115240836
[scott, keith, charlotte, protests] 0.7543057458080957
2016-09-22
[north, carolina] 0.81609064673045
[charlotte, keith, protesters] 0.7738949340135413
[about, we, when, us] 0.7689327591328555
[writing, display, ads] 0.7550828534911889
2016-09-23
[trump, donald, clinton, hillary] 0.8568512321675997
[he, said, they, we, their] 0.7732713252728706
[north, carolina] 0.7610855833296486
[she, her] 0.7391821539072885
[police, charlotte, shooting, keith] 0.7254214925951535
[stories, steps] 0.720071425028696
2016-09-24
[she, her] 0.8724400559791019
[stories, display, steps] 0.8245455355267101
[who, after, can, you] 0.7698364101559049
2016-09-25
[debates, moderator] 0.9046289298571099
[invited, flowers, affair] 0.8447251020383907
[trump, clinton, presidential, hillary] 0.7907370380425229
[she, her] 0.775172023811413
[debate, monday] 0.7280624244143606
2016-09-26
[trump, clinton, hillary, presidential, debate] 0.8530133500396919
[she, her] 0.8257873266793105
[stories, ads, steps] 0.7754208622971085
[one, or, when, also, so, no] 0.7635608817701954
2016-09-27
[lester, holt, moderator] 0.9292072432991624
[clinton, trump, presidential, donald, hillary, debate, monday] 0.9008377994491225
[continue, writing, steps, extension, please, display, select, blocking] 0.9001860431422841
[you, her, she, even] 0.7774488522982299
[said, one, more, about, when, or, what, first, some] 0.7750432845931229
[miss, weight, universe] 0.765426987722051
[had, than, do] 0.7554668397048077
[ads, stories, below] 0.7512816015619381
[tax, returns] 0.7302132760854382
[like, way] 0.7218691854409076
[many, much] 0.7146013669228187
2016-09-28
[miss, weight, universe] 0.7714749505777537
[writing, ads, below, display, steps, please] 0.7700631300475984
[trump, clinton, presidential, hillary, debate] 0.7339116604769211
2016-09-29
[stories, writing, below, steps, display, ads, please] 0.780020228175108
[who, when, been, their, there, just] 0.7617527138859435
[miss, universe] 0.7477815221367787
2016-09-30
[clinton, hillary] 0.9599945256236458
[steps, please] 0.8040665752008592
[miss, universe] 0.7647196218946845
[writing, display, ads] 0.7582741696262929
2016-10-01
[clinton, hillary, debate] 0.825576207310368
[where, before] 0.792561702709121
[they, there, up, what, you, because] 0.7692851390214893
2016-10-02
[her, she] 0.8869710030165788
[trump, clinton, hillary, presidential, nominee] 0.8577329992935394
[business, taxes, tax, income, paying, returns, documents] 0.7812987712977703
2016-10-03
[trump, donald] 0.9678874739622375
[clinton, hillary] 0.929106683413442
[syria, syrian] 0.9288702928870293
[stories, please, ads] 0.873545877810961
[said, their, will, up, time, year] 0.7515486670847127
[colombia, juan] 0.7216053531635458
[also, can] 0.7202978298687508
[taxes, paying] 0.7149525898986434
[below, writing] 0.7141711659562825
2016-10-04
[putin, vladimir] 0.8675943752699183
[continue, steps, below, ads, display, extension, blocking, select] 0.8410333239126077
[mike, tim, pence, kaine, virginia] 0.8031226185160071
[states, united] 0.7971760382417203
[crazy, doubled] 0.7584529099425424
[trump, clinton, donald, hillary, nominee] 0.7509168284160803
[she, her] 0.7451035082064726
[battleground, predictions] 0.7341084758859574
[some, would, do, them, because] 0.7313705813801057
[i, what, how] 0.7247452804035945
[if, can, you, like] 0.7221771990854616
[stories, please] 0.7203592714996402
[software, google] 0.7180137877499324
[indiana, mate] 0.7176991767421679
[presidential, republican] 0.7163413430132631
[so, even, many] 0.7147273311145517
2016-10-05
[putin, vladimir] 0.980479958882471
[debate, mike, pence, tim, kaine] 0.8538541595324857
[matthew, hurricane] 0.7450980392156863
2016-10-06
[matthew, storm, hurricane, florida] 0.8551823157284392
[she, her] 0.7751422019662852
[steps, ads] 0.745486010103323
[or, will, than] 0.7450523284388764
[up, other] 0.739862589018355
[residents, georgia] 0.7337656326158329
[winds, haiti] 0.7326732673267327
2016-10-07
[florida, hurricane, matthew, storm, haiti] 0.8448252772773414
[russian, russia] 0.7937253933193772
[trump, clinton, donald, hillary] 0.7835166814242611
[ads, please] 0.7754983710306376
2016-10-08
[romney, mitt] 0.951167130455236
[speaker, paul, ryan] 0.871156874970979
[bush, billy] 0.813125909092679
[kelly, ayotte] 0.7815693840642419
[trump, donald, clinton, presidential, republican, nominee, gop] 0.7732856368651128
[clip, deserves] 0.7692307692307693
[out, there, what, do] 0.7676099292057694
[they, about, were, had, i, just] 0.7659953875252836
[access, hollywood] 0.7589177641425645
[sen, pence] 0.7528194686492179
[her, she] 0.7513414832159283
[matthew, toll] 0.7366717683006772
[coast, category] 0.72
[behavior, inappropriate] 0.71000921347416
2016-10-09
[giuliani, rudy] 0.9769238052233763
[mike, pence] 0.9094074253598216
[martha, anderson] 0.8223770811549617
[bush, billy] 0.8132088144002918
[his, their, when, i, were, all, had, after] 0.8056370511189365
[sexual, assault] 0.7935088904536107
[trump, donald, presidential, president, hillary, bill] 0.7929223896787574
[other, many, made] 0.7655603843320815
[republicans, apology, mate] 0.7646480823379908
[room, locker] 0.7606978626664328
[before, years, ago] 0.7564213854077595
[up, what, you, just, over, time, do, clinton, she, women, video] 0.7559368282253818
[republican, nominee, remarks] 0.7499323341826893
[them, first, those] 0.7434798838254857
[hollywood, access] 0.7328258916940432
[think, good, something] 0.7261187335723267
[debate, louis] 0.7210933526726607
[don, know] 0.7202703717707012
[her, woman] 0.7168301710007726
2016-10-10
[cooper, anderson] 0.9596651171333088
[st, louis] 0.8359794311650168
[mike, pence] 0.8314621862123039
[trump, donald, debate, clinton, presidential, republican] 0.8197986570983764
[her, she, hillary] 0.770663806851003
[about, they, more, been, which, had, up, would, no, them, do] 0.7639818496937366
[what, if] 0.7327929449849252
[or, when, there, you] 0.7244274195654533
[campaign, nominee] 0.7218521716202648
[sunday, president] 0.7141486462719006
[over, could] 0.7137087104818377
2016-10-11
[clinton, hillary] 0.9060376134438407
[are, they, about, we, their, would, over] 0.8035920982853573
[writing, steps, please, ads] 0.7934770437153235
[she, her] 0.7869740778407589
[you, other, some] 0.7385745379476828
[can, just] 0.7336330939511211
2016-10-12
[trump, donald, clinton, hillary] 0.8733663285992673
[she, her] 0.8311034869153697
[presidential, nominee, ryan, speaker] 0.7921163233670411
[emails, wikileaks, podesta] 0.7705580923023203
[one, about, had, i, if, what] 0.7606808374943133
[russia, russian, putin] 0.7508240703499618
[up, you, some] 0.7422341909452945
[stories, please] 0.722819240717571
2016-10-13
[palm, beach] 0.8643283455934108
[which, or, had] 0.7633125045188804
[new, york] 0.7288639129153643
[them, see] 0.7197071755234848
2016-10-14
[trump, donald] 0.9560698070970189
[clinton, hillary] 0.8930751418579337
[her, she] 0.826045436784261
[said, about, which, their, when, had] 0.7341076967432322
2016-10-15
[trump, donald, campaign, clinton, hillary] 0.8585526894463533
[said, about, more, out, were, had, time, could, because] 0.7690176027805039
[wikileaks, emails] 0.7412921988039975
[presidential, election] 0.7299076027038361
[we, now, think] 0.7148741182229995
2016-10-16
[putin, vladimir] 0.9579403889483339
[campaign, clinton, trump, donald, presidential, hillary] 0.7728742240934048
[emails, wikileaks] 0.7637392253397746
[election, democratic, nominee] 0.7162762472307115
2016-10-17
[pro, quo] 0.8539176451237774
[states, united] 0.8482488656982986
[trump, donald, clinton, campaign, hillary] 0.8243768690067643
[said, they, about, or, were, if] 0.7736894801305925
[operation, mosul, fighters, iraqi] 0.7643868670497405
[presidential, election] 0.7389291922533666
2016-10-18
[trump, donald] 0.934281669586972
[campaign, clinton, hillary] 0.8650507506114875
[about, been, or, also, their, up, if, so, could, even] 0.7592429666831362
[reporting, editing] 0.752819468649218
[will, over] 0.7477301434347102
[states, united] 0.7319677499348887
[voting, voter] 0.7217183795323759
2016-10-19
[vegas, las] 0.9650531835529683
[rigged, voter, fraud] 0.7732731677650634
[which, so, first] 0.7458864272753718
[presidential, clinton] 0.7397293940579406
[russia, putin] 0.7120153177104241
2016-10-20
[las, vegas] 0.9465020576131687
[putin, vladimir] 0.9089757003897111
[chris, wallace, moderator] 0.8922744000889147
[court, supreme] 0.7843059224377595
[she, her, hillary, presidential, election] 0.7724974785873092
[trump, clinton, donald, campaign] 0.7689062073938725
[about, or, when, there, also, what, no] 0.7400829119358466
[out, some] 0.7338453952715454
[you, ve] 0.7338134771418412
[so, than] 0.7135678391959799
2016-10-21
[trump, donald] 0.9295580903103262
[clinton, hillary] 0.9159548858612946
[reporting, editing] 0.867470252065697
[russian, putin, vladimir] 0.8560902443453684
[about, or, which, had] 0.7963805296833701
[if, can] 0.7811025496646531
[presidential, election] 0.7513274382803272
2016-10-22
[trump, donald] 0.9556330956479168
[editing, bilateral, tillerson, rex, besieging, venezuela] 0.9012240968977906
[russian, putin, lawmakers, vladimir, burst, witnesses] 0.8002974163748453
[forces, iraqi, troops] 0.789586042241467
[campaign, clinton] 0.7211136897607557
[iraq, fighters] 0.7178203461052676
2016-10-23
[los, angeles] 0.9725548263179989
[she, her] 0.8268648964729441
[trump, donald, presidential, hillary, election] 0.7973771844094287
[they, about, when, just, you] 0.7603933970353363
[getting, started] 0.7552716696164248
[example, argued] 0.7271674288019525
2016-10-24
[which, its] 0.7806614420399083
[reporting, editing, mexico, overhaul] 0.7749246960472854
[about, their, had, been, there, so, some] 0.7683204749242488
[regulators, antitrust, weighing] 0.7515676237583729
[google, mobile] 0.7450980392156864
[now, years] 0.7265516318412087
2016-10-25
[putin, vladimir] 0.9218821319131094
[trump, donald, clinton, hillary] 0.8962431992340033
[reporting, editing, reuters] 0.7854752549688268
[which, than] 0.7514136006913705
[more, or, their, up] 0.7447130290176068
[out, get] 0.7430663150484383
[russian, attacking] 0.7129542392355567
2016-10-26
[trump, clinton, hillary] 0.83111376744817
[she, her] 0.8149208207756894
[reporting, editing] 0.7753745488605269
[if, them] 0.71020538188725
2016-10-27
[clinton, hillary] 0.9336110697874301
[than, s, u] 0.8065795108089602
[reporting, editing] 0.8037383177570093
[which, or, we, also, up, there, do] 0.7438882049003116
2016-10-28
[clinton, trump, donald, republican] 0.804308534135405
[hillary, emails, server, comey, classified, abedin, huma] 0.7830562989022914
[she, her] 0.7751650804155521
[investigation, fbi, james] 0.7682920804195461
[determine, contain] 0.7282821262043787
[presidential, democratic] 0.7219022474438568
2016-10-29
[her, she] 0.7751849923034115
[clinton, campaign, election, hillary, investigation, fbi, private, email, emails, comey, information, server, abedin, huma, aide] 0.768496363981558
[they, about, into, could, being] 0.7645839878039584
[anthony, husband, estranged] 0.7375583954436181
[director, james] 0.7258249871164976
[g, steve] 0.7160584849507954
2016-10-30
[sunday, lawmakers, attacking, kurdish, venezuela, besieging, witnesses, caracas, clashes, burst, turkish, northwestern, militia, deployments, amounted, declaration] 0.8755378881982963
[criminal, battleground, map, predictions, projections, →] 0.832638599301686
[near, areas] 0.8243317786408985
[former, investigation, fbi, emails, email, server, agency] 0.8086453864865247
[proposed, gasoline, fuel] 0.8047386925727144
[editing, supporters, violence, crisis, syria, syrian] 0.8038187956516483
[private, director, james, comey, related, letter, abedin, husband, discovered, huma, aide, girl, announcement, probe] 0.7901852049365199
[poll, nov] 0.778498944161523
[which, after, could, into, new, some, two, them, few] 0.7613839360768846
[her, campaign, clinton, election, hillary] 0.7563388852787305
[significant, computer] 0.7456948338962391
[race, polls] 0.7435201403016541
[year, world] 0.7413197207374969
[its, top] 0.7366129056531588
[department, classified, scandal] 0.7278542720606178
[days, within] 0.7189687166985833
[government, city] 0.7169328620795546
[officials, official] 0.7135718186348151
[information, emerged] 0.7101811584960543
2016-10-31
[reporting, editing] 0.8695876283021572
[she, her] 0.7813050545153875
[clinton, election, hillary, email, fbi, investigation, comey, server] 0.7728055429692261
[director, james] 0.7141393809681699
[were, could] 0.713051916220905
[attacking, kurdish] 0.710010722691882
2016-11-01
[fbi, investigation] 0.8096206074408119
[trump, clinton, donald, hillary] 0.7896222734840689
[they, about, been, were] 0.765370120201318
[voting, ballot] 0.7403137009508685
[also, most] 0.7260215824130136
[email, server] 0.7138590746692168
[emails, comey] 0.7101892105968963
2016-11-02
[trump, donald] 0.920126135859299
[james, comey, server] 0.8281120470075606
[they, or, when, there, new, its, like, many] 0.7732615795421325
[into, first] 0.7584233763549202
[fbi, investigation] 0.7326732673267327
[clinton, election, hillary] 0.7295370393856615
2016-11-03
[clinton, hillary] 0.9203101776958412
[reporting, editing] 0.7862860884850126
[they, been, more, or, which, would, up, than, most] 0.7596739939255179
[after, into] 0.7269704495341497
[fbi, server] 0.7170220555255737
[like, many] 0.7153023156345083
[mexico, mexican] 0.7102383186054877
2016-11-04
[clinton, trump, donald] 0.837145884653319
[private, server] 0.8006649959516509
[north, carolina] 0.7824585790259414
[they, or, which, their, after, over] 0.7762672661241823
[she, her] 0.732699578470595
[hillary, election] 0.7263792453244958
2016-11-05
[trump, donald, hillary] 0.8370551677289257
[who, they, about, their, or, up, out, had, there, can, so, if, she, her] 0.7984836500386395
[people, many] 0.761255143241116
[foreign, mexico, mexican] 0.7547341235198401
[house, white] 0.7392068566323022
[proposed, agreements, reduce] 0.7208816599010837
[two, way] 0.7199589019049001
[president, during] 0.7148731325707556
[do, now] 0.7137365114212872
2016-11-06
[she, her] 0.8521167480033938
[state, clinton, hillary, presidential, democratic] 0.8122911074122086
[aides, sensitive] 0.7987613306004933
[his, had, or, out, we, would, there, up, no] 0.7815215301741545
[information, classified] 0.7533199247935163
[private, server] 0.7531996398120876
[aide, huma] 0.741980710881159
[fbi, emails, investigation, comey] 0.7375748476455458
[trump, president] 0.7326857958322581
[so, you, into, some, where] 0.7204555022393151
[if, before, get] 0.7202728688129705
[michigan, minnesota] 0.7166336531757941
[vote, voters] 0.7138592698142956
2016-11-07
[romney, mitt] 0.9679610551369642
[one, will, election, clinton, trump, hillary, donald] 0.8018617054776399
[n, la, l, en, est, y, le, archive, volunteers, acquire, destroyed, stepped, volunteer, conflicts] 0.7839410515735558
[north, carolina, pennsylvania] 0.7778597974403918
[location, materials] 0.7440112447936318
[director, comey] 0.7362248922422696
[two, where] 0.7295748919830009
[et, https, stepping] 0.7270362349069825
[believes, resolved] 0.726685017866976
[d, c] 0.7136902245564881
2016-11-08
[her, she] 0.8673297832600497
[north, carolina] 0.8236487454913802
[election, trump, clinton, hillary, donald, voters, vote] 0.8186849286378028
[cast, ballots] 0.7827056231720446
[george, bush, w] 0.7815252167589972
[court, supreme] 0.7543431442928931
[michigan, virginia, colorado] 0.7473344618992552
[campaign, presidential, republican, candidate] 0.7357946118057349
[votes, electoral] 0.7250908704890029
2016-11-09
[ceiling, glass] 0.8824184145060546
[minister, nieto, enrique, pena] 0.8644083989366442
[also, up, clinton, hillary] 0.7948308915501096
[states, united] 0.7842251086669023
[he, trump, who, his, donald, will, one, more, their, would, were, had, president, people, what, election, than, new] 0.7749492897247617
[paul, ryan, speaker] 0.7590633052343206
[russia, putin] 0.7562707275658817
[house, white] 0.7512404314112938
[obamacare, repeal] 0.7263631861960443
[fuel, signaled] 0.7229937759068192
[many, country] 0.7139266447553985
2016-11-10
[states, united] 0.814653326960452
[trump, his, we, donald, will, would, president, election, clinton, hillary] 0.7727456703064991
[george, w] 0.7461028594226232
[white, house] 0.7214359865294447
2016-11-11
[los, angeles] 0.9883182280906385
[clinton, hillary] 0.9068555707578244
[states, united] 0.7719423596130619
[who, his, trump, will, donald, president, obama] 0.7714847262653161
[committee, chairman] 0.7360651310906683
[new, york] 0.7244469652984183
[house, white] 0.7202679180627322
2016-11-12
[los, angeles] 1.0
[trump, donald, election] 0.8836962777159028
[protests, protesters, portland, demonstrations] 0.7724368337624496
[been, more, will, had, after, there, people, some] 0.7546698862978276
2016-11-13
[minister, prime] 0.8234310537426409
[said, his, i, will, people, trump, donald, president] 0.8110983903778733
[chairman, reince] 0.7787662853408389
[white, house] 0.7326732673267327
2016-11-14
[clinton, hillary] 0.9598364692154533
[bush, george, w] 0.867939104834123
[trump, donald, president, election] 0.8193402813162667
[chief, strategist, bannon, priebus, reince] 0.8174116177061534
[reporting, editing] 0.8139485292641763
[paul, ryan] 0.7779079770420866
[mexico, agreements] 0.7531714446073664
[he, who, their, will, would, there, some] 0.7408318140890066
[white, house] 0.7214712241473856
[immigrants, deport] 0.720914900042237
2016-11-15
[trump, donald, president] 0.8729386956004468
[house, white] 0.8529324927064196
[states, united] 0.8317293991079409
[breitbart, bannon, strategist] 0.8299954794642077
[what, some] 0.7816996816284533
[said, his, been, will, would, their, new, many] 0.7578739427908184
2016-11-16
[reporting, editing] 0.8493634849264698
[states, united] 0.8185992204501065
[trump, president, donald, election] 0.7615353319195903
[russia, putin] 0.7600249192619409
[all, than, over] 0.7544905495029184
[they, will, about, his, which, more, been, after, new, we, would, out, were, also, other, first, do, many] 0.7539959948360908
[like, into, them] 0.7450733939116249
[i, people, now, right] 0.730878849877592
[its, last, week] 0.7192031438204072
[most, only] 0.714104445206027
[white, house] 0.7138432948476974
2016-11-17
[trump, donald] 0.9206463498936387
[bannon, strategist] 0.7921030240604422
[he, new] 0.7192662973948831
2016-11-18
[trump, donald] 0.9402258415026868
[sessions, jeff] 0.8520614064137706
[michael, flynn, retired] 0.8046995697543843
[his, also, will] 0.7952874964463954
[senate, senator] 0.7473123027575824
[general, attorney] 0.7423380408153052
[iran, cia] 0.7313290702872979
[president, obama] 0.71734418673172
[house, white] 0.7135962834922938
2016-11-19
[romney, mitt] 0.9812646471224303
[strategist, bannon] 0.8487350249921585
[pence, vice] 0.8256880733944955
[general, attorney, sessions, jeff, senator, alabama] 0.8149892754842515
[cast, hamilton, performance, theater, anxious, inspired, sir, defend, actor, diverse, planet, broadway, brandon, uphold, victor] 0.8120484733722296
[team, transition] 0.8026161870808315
[gen, lt] 0.7864136529487378
[they, his, we, one, new, also, trump, donald, administration, obama] 0.7816264785016914
[security, michael, flynn, retired, cia, pompeo, kansas] 0.7662325050512107
[parents, musical] 0.754923358316401
[cameras, wonderful, harassed] 0.7454175843285693
[will, after, our, against] 0.7433888601263404
[senior, chairman] 0.7289034833494642
[behalf, truly] 0.7203749023945796
2016-11-20
[attorney, jeff, sessions] 0.8463945195949948
[trump, donald, president] 0.8307246783308054
[white, house] 0.8259114436335051
[mike, pence, hamilton, broadway, diverse] 0.816712787930473
[minister, prime] 0.788547822091999
[his, their, i, after, him] 0.7579792649202944
2016-11-21
[states, united] 0.8655006455404427
[trump, donald, president] 0.8357097849791417
[minister, prime] 0.8256880733944955
[said, which, their, can] 0.7662640519234083
[over, now] 0.7269739709516594
2016-11-22
[states, united] 0.9246801036495055
[trump, donald, president, obama, barack] 0.7891146933567866
[steve, bannon] 0.7400179293123331
2016-11-23
[trump, donald] 0.9263134929767168
[carolina, haley, nikki] 0.8936684878266059
[who] 0.722972972972973
[thanksgiving, holiday] 0.72288070089938
2016-11-24
[near, areas, kurdish, lawmakers, witnesses, turkish, attacking, venezuela, amounted, northwestern, burst, caracas] 0.8374923859643513
[syria, syrian] 0.8362281614485514
[trump, election] 0.7537141682355593
[thanksgiving, holiday] 0.7203598365166003
[editing, trigger] 0.713125880507359
2016-11-25
[trump, donald] 0.9480116013861527
2016-11-26
[minister, prime] 0.8985766044039438
[green, michigan, recount, jill, stein] 0.8884998058822355
[s, u] 0.8820935400416051
[rights, human] 0.8772968107079634
[death, castro, cuban, fidel, cuba, leader, communist, island, havana, relations, course] 0.8145301812257667
[people, president, states, united] 0.7981374785727445
[union, soviet, pigs, bay, collapse] 0.7876350307983291
[said, his, had, will, their, over, time] 0.7649728714692922
[countless, emotions] 0.7366717683006772
[mexico, mexican] 0.731830472258055
2016-11-27
[romney, mitt] 0.9887302974766933
[conway, kellyanne] 0.9848026635640343
[minister, prime] 0.8644302212849333
[castro, fidel, cuba, death, cuban, island, revolutionary, soviet] 0.8253077536706533
[states, united] 0.8192100120178153
[green, effort, stein, recount, pennsylvania, jill, recounts] 0.7799216604916785
[canadian, justin] 0.775740458027037
[his, been, after, will, people, trump, donald, election] 0.7676787933568348
[michigan, wisconsin, participate] 0.7617791328006982
[votes, electoral, outcome] 0.7419791420344368
[party, vote] 0.7107334760249988
2016-11-28
[green, stein, jill] 0.8830364596767393
[trump, donald, election] 0.8608497077195705
[states, united] 0.8176891021778653
[recount, wisconsin, pennsylvania] 0.7954071829197937
[millions, illegally] 0.794889803832931
[electoral, voter] 0.7926052103131891
[said, about, or, people, there, been, all, their, were, we, also, after, would, if, over] 0.777549194965933
[voted, fraud] 0.7531432528922036
[no, time] 0.7207195382276219
2016-11-29
[trump, donald] 0.9175783949779871
[students, campus] 0.7651203596388341
2016-11-30
[treasury, mnuchin, sachs, goldman] 0.9098723103394147
[states, united] 0.8908801627628957
[trump, donald] 0.8693040295798143
[reporting, editing] 0.7632850241545893
[said, would, could] 0.7333210792908083
[will, or, also] 0.7169793144076686
2016-12-01
[trump, donald] 0.9158201052247783
[carrier, indiana] 0.8204121142128898
[said, one, more, which, will, new] 0.7598938769667514
[so, some] 0.7327599896170673
[we, than, you] 0.714119158521674
2016-12-02
[trump, donald] 0.9443507019461864
[mattis, marine] 0.8622222222222221
[dog, mad] 0.7598160737885145
[who, his, than, its] 0.7433053499651585
[also, some] 0.7212603263000523
2016-12-03
[trump, donald] 0.9345540450171567
[said, they, we, their, after, had, there, would, no, make] 0.7749716611274795
[phone, china, beijing] 0.7168182202303963
[some, could, united] 0.7135647286431437
2016-12-04
[conway, kellyanne] 0.8679512761558926
[china, beijing, chinese] 0.8549012412118757
[minister, prime] 0.801521244219445
[county, sheriff, warehouse, music, oakland, ship, smoke, artists, electronic] 0.776694380904385
[said, had, i, there, people] 0.7711111600279126
[search, missing, kelly, ray] 0.761277797214694
2016-12-05
[minister, prime, referendum, italy, renzi, matteo, constitutional] 0.8787734971222495
[states, united] 0.829954534601988
[trump, president, donald] 0.7722851615606836
[who, they, which, will, after, had, also, if, just, do] 0.7604072663626034
[some, could] 0.7328179103720223
[european, union] 0.7280779872822953
[trial, jury] 0.7216510184967275
[europe, britain] 0.7141393794071097
2016-12-06
[s, u] 0.8617153716584941
[states, united] 0.8497737747662917
[reporting, editing] 0.8390529154462701
[trump, president] 0.7573610956023004
[said, one, which, more, will, would, there, than] 0.744121773297531
[minister, prime] 0.7384645354584538
2016-12-07
[trump, donald] 0.8612514144527462
2016-12-08
[trump, president, donald] 0.7663536057247742
[who, also, other, could] 0.7585387332306226
[after, into] 0.7294507613179102
[earth, oldest] 0.7282393018908099
2016-12-09
[states, united] 0.847878999536557
[russia, russian] 0.825806698217088
[trump, donald, president] 0.822695218916556
[more, been, will, which, after, also, would] 0.7384833499049538
2016-12-10
[destruction, mass] 0.8726474526362332
[military, syria, syrian, kurdish, turkish] 0.8484114726215667
[russian, russia, intelligence, emails, hacking] 0.8044862873414349
[trump, donald, election, electoral, victories] 0.8041020207026773
[which, would] 0.7926179073345567
[cia, weapons] 0.7587649662856957
[game, football] 0.7423907605966752
[concluded, hacked] 0.7326732673267327
2016-12-11
[vladimir, putin] 0.9243697478991597
[schumer, chuck] 0.89248916893528
[russian, russia] 0.8469606626993663
[trump, donald, election] 0.8396399827355493
[team, transition] 0.7535966446226674
2016-12-12
[tillerson, rex] 0.9718875502008032
[trump, donald] 0.9527297943347113
[putin, vladimir] 0.8819246540861647
[leader, mcconnell, mitch] 0.8473042745211468
[committee, chairman] 0.788929766643677
[russia, intelligence, russian, cia, hacking] 0.7446439507189064
[his, more, which, also, could] 0.7419910143342555
[minister, prime] 0.7403679766607434
[will, its] 0.7230283050217944
[some, into] 0.7135821315625441
2016-12-13
[putin, vladimir] 0.8845626483371074
[trump, donald, president] 0.8507854778999254
[russia, russian] 0.8405770818531592
[secretary, rex, tillerson, confirmation] 0.8291625415233396
[syria, syrian, aleppo, rebels] 0.778821280011904
[states, united] 0.7724292477636958
[george, w] 0.7440835656579731
[civilians, rebel] 0.7287676201096895
2016-12-14
[putin, vladimir] 0.9613098966733458
[apple, silicon, valley] 0.8653644433583929
[trump, donald, president] 0.8342995359694272
[reporting, editing] 0.8150695638642826
[russia, russian] 0.7694049412627151
[or, would] 0.7328391618759721
[russians, hacking] 0.7143061403134865
2016-12-15
[trump, donald] 0.9267680609690309
[russia, russian, putin, vladimir] 0.8237275735579059
[said, they, or, will, than] 0.7693319363826758
[reserve, fed] 0.7534519673758732
[some, into] 0.7136489382264389
2016-12-16
[president, trump, donald] 0.8247571579563389
[russia, russian, putin, hacking] 0.7707630443485636
[are, which] 0.7596622660942819
2016-12-17
[putin, vladimir] 0.972465882623422
[war, syria, syrian, aleppo] 0.8096680213339401
[russia, russian] 0.7956766244157043
[trump, president, donald] 0.7512697271998214
[had, back] 0.734696375605609
[we, would, what] 0.7295863112675058
2016-12-18
[hacking, putin, vladimir] 0.8516117522531159
[trump, donald, election] 0.8447385044806981
[forces, civilians, aleppo] 0.751483464458224
[areas, syria, syrian] 0.7368730124872052
[state, government] 0.7259546865311579
2016-12-19
[putin, vladimir] 0.9080652664475425
[russia, russian, syria, ambassador, turkey, turkish] 0.7541032841434042
[cast, electors] 0.7135718186348151
2016-12-20
[russia, russian, turkey, ambassador, turkish, ankara, aleppo, forget, assassination, shouted] 0.7820762228880073
[who, which, its] 0.7471727970050628
[islamic, berlin] 0.7468763186881887
[after, new] 0.7271660188426189
2016-12-21
[angela, chancellor, merkel] 1.0
[attack, islamic, terrorism] 0.7369034797025195
[had, new] 0.7336415060162078
2016-12-22
[trump, donald] 0.9389143706177036
[s, u] 0.8977526111922276
[jason, miller] 0.7995064935951184
[said, been] 0.7879065438794283
[minister, prime] 0.7869088322061721
[berlin, german] 0.7326732673267327
2016-12-23
[trump, donald] 0.9086320166468034
[council, israeli, israel, resolution, settlements, veto, palestinian] 0.8261710500359163
[minister, prime] 0.7751896608601567
[jerusalem, jewish] 0.7263681592039801
[nuclear, arms, strengthen] 0.7161460259805688
2016-12-24
[russia, russian, putin, vladimir] 0.8474922945157797
[security, minister, prime, benjamin, netanyahu] 0.8297891927793339
[syria, syrian] 0.8047661227921583
[administration, council, israel, resolution, israeli, jewish, jerusalem] 0.7997524665332959
[peace, palestinian, occupied] 0.7909443551313143
[all, will, no, later] 0.7510444808578303
[berlin, germany, italian] 0.7461841117667543
[violence, witnesses] 0.7180336973794409
2016-12-25
[minister, prime] 0.831616887981943
[israel, israeli, jerusalem] 0.8151205040342536
[council, resolution] 0.7926693300400902
[born, jesus] 0.7924562323946275
[defense, moscow, crew] 0.7870855705474851
[ministry, syria] 0.7389162561576355
2016-12-26
[syria, syrian] 0.7199398632413798
[pop, artist] 0.7142432466724989
2016-12-27
[los, angeles] 1.0
[wars, carrie, fisher, actress] 0.8827186137651767
[israel, israeli] 0.8160751633094973
[singer, fame] 0.7326732673267327
[council, resolution] 0.7301522862805422
2016-12-28
[minister, prime, netanyahu, benjamin] 0.7906134625284945
[speech, israeli, resolution] 0.7656888309240631
[said, more, had, also, its, than, some] 0.7582990939077977
[john, peace, kerry, settlements] 0.744803648606776
[trump, obama] 0.7290684588232273
[israel, palestinian] 0.7203598365166003
[other, both] 0.7175118083071977
2016-12-29
[trump, donald] 0.8586955488365875
[putin, vladimir, moscow] 0.8485540240700826
[russia, russian] 0.7872442658606562
[s, u] 0.7629519856941825
[they, about, new, also] 0.7509714704435607
[years, year] 0.7389451918479784
[president, obama, administration] 0.7374082350472779
2016-12-30
[russia, russian, sanctions, putin, diplomats, vladimir] 0.8095137948882037
[trump, obama, administration] 0.7485061302127833
[will, been, years] 0.7412054518768736
2016-12-31
[syria, syrian] 0.8361771214864537
[russian, putin, vladimir] 0.8212091617224402
[new, time, year, its, years] 0.7376558244772801
