2016-01-18
[monday]|1.3888888888888888
[king luther]|0.9247389904816886
2016-01-19
[tuesday]|1.1666666666666665
[sarah endorsement]|0.7619998641771126
2016-01-21
[vladimir putin]|1.0
[snow storm winter]|0.7510366349693269
[ordered credibility]|0.7442946096293537
2016-01-22
[actors academy oscars boycott]|0.8037762226754838
[william buckley]|0.7797044401853045
[bush jeb]|0.7720721812951598
[storm snow]|0.7339441672711856
2016-01-23
[donald trump]|1.0
[des moines register]|0.9748003762651734
[rubio marco]|0.9064546492619353
[gulf arab voiced disappointment]|0.8594994354204931
[blizzard winds forecast snowfall columbia]|0.838838391671145
[area afternoon virginia maryland inches]|0.8173618613167293
[chris jersey]|0.8004939047329181
[streets flights]|0.7867298578199052
[worst roads]|0.781691569362967
[reporting editing]|0.7752686643596538
[would if than]|0.758004889190769
[players band]|0.757158098776208
[mayor pennsylvania]|0.7569946774180153
[city york]|0.751219512195122
[independent considering]|0.7481961733240504
[snow storm district]|0.7473629205543363
[washington weather]|0.7407163986713308
[region conditions]|0.7279877111793649
[stuck drivers]|0.7212489168102786
[flight charlotte]|0.7209625220785025
[going well]|0.7147115650905767
[coast airlines]|0.7142559400200011
[voters iowa]|0.7076852840724961
2016-01-24
[george bush w]|0.8303396355753874
[transportation southwest]|0.733895491432584
[movie memory]|0.7273763042543188
2016-01-25
[receive updates sponsors]|0.8181834460239998
[videos parenthood]|0.8121696429647506
[grand greg]|0.7114761746590239
2016-01-26
[megyn kelly]|1.0
[des moines]|0.9254195719148397
2016-01-27
[kelly megyn]|0.9133445097756164
[bundy lavoy finicum]|0.8418968767213882
[born virus zika]|0.8286670176162957
[said]|0.8105263157894738
[wildlife malheur]|0.807444059744286
[sister tpm oversees]|0.7895224847731125
[disease pregnant americas]|0.7868431995249278
[standoff refuge]|0.7692307692307693
[arrested ammon]|0.7465736239521022
[law enforcement]|0.7356926677782133
[debate fox]|0.725563123479857
[oregon fbi]|0.7192087794614441
2016-01-28
[carly fiorina]|1.0
[rick santorum]|0.933250632946861
[kelly megyn]|0.9054030433330835
[cases virus zika]|0.817108713849139
[bush jeb]|0.813170030105366
[des moines huckabee]|0.8060585580367251
[carson jim]|0.8049992618522264
[fox debate]|0.7982883238413095
[pregnant mild fever yellow]|0.7856401357599827
[christie kasich]|0.7728582857737345
[marco rand]|0.7329035202370452
[brazil brazilian]|0.7324863612814475
[disease linked]|0.7138592698142956
2016-01-29
[des moines]|1.0
[rubio marco]|0.8686760434160393
[partners receive updates sponsors]|0.8494244643128289
[classified contain]|0.8285486628714839
[iowa caucuses]|0.7675307463321694
[secret server]|0.7348520740394441
2016-01-30
[des moines]|1.0
[rubio marco]|0.9387295995108043
[clinton hillary sanders bernie]|0.8608748473721516
[syria turkey turkish]|0.7766630848541393
[sea islands]|0.770484677917357
[refugees migrants migration]|0.7441940574380217
[campaign iowa voters]|0.7369806589878944
[guard boat]|0.7216510184967275
2016-01-31
[moines des]|1.0
[pam pamkeynen]|1.0
[sanders bernie]|0.9843700684789999
[i think]|0.8153011869595987
[turnout voter]|0.7692307692307693
[presidential iowa]|0.7528944741679272
2016-02-01
[romney mitt]|1.0
[rubio marco]|0.9805585865960651
[delegates delegate]|0.8782737474649263
[outbreak symptoms caribbean]|0.8132220486745846
[win bernie sanders]|0.8122103118073253
[anthony fauci]|0.8029527987796359
[cases brazil microcephaly]|0.7868853603525657
[birth virus zika salvador]|0.7624426625712291
[receive updates]|0.7571580987762081
[pregnant diseases pregnancy]|0.753752634203463
[iowa campaign voters]|0.7391192715996046
[partners sponsors]|0.737608566339041
[there if what]|0.7368377446850962
[can how]|0.7341373271035677
2016-02-02
[des moines]|0.9727323026855342
[his]|0.8999999999999999
[com publisher marshall talkingpointsmemo]|0.8440424215108546
[ben carson]|0.8324917735887283
[clinton sanders bernie]|0.8249800830100308
[trump donald cruz ted]|0.8112448205029364
[virtual tie]|0.7981220657276995
[night rubio marco]|0.7862009051579678
[iowa campaign caucus]|0.7589382808342928
[editor josh]|0.7213532433366061
2016-02-03
[cases virus zika]|0.8746030603856291
[retired neurosurgeon]|0.827344592406216
[iowa race]|0.813305767007071
[brazil babies pregnant]|0.7494514707433346
[who one when out were]|0.7431838134202834
[voters vote]|0.7335136137119048
2016-02-05
[clinton hillary bernie]|0.7971273457014713
[super bowl]|0.7871201889366917
[street wall]|0.7215031331601234
2016-02-06
[rubio marco]|1.0
[ianhanchett hanchett]|1.0
[test korea rocket ballistic pyongyang un observation]|0.8610079907744729
[denver championship broncos]|0.852346978441314
[super bowl peyton panthers manning]|0.833293787619392
[missile japanese]|0.7814956291801806
[china japan]|0.7775086039411033
[debate hampshire]|0.7658410297147263
[chris christie]|0.7576925620452433
[primary jeb kasich]|0.7575101709960143
[nfl players football]|0.7501399534158156
[technology missiles launches]|0.7486997422865995
[even did]|0.7312746740520749
2016-02-07
[cruz ted]|0.9086752831100968
[ben carson]|0.882862776723754
[sanders bernie]|0.882555375325722
[com josh marshall publisher talkingpointsmemo]|0.8670995404705002
[manning quarterback newton cam]|0.8377676654823304
[obama barack]|0.8248895046356551
[super bowl]|0.8232587171777995
[carolina panthers broncos denver peyton]|0.8227082855237992
[stops donna]|0.822105433071628
[debate rubio christie marco]|0.8090496151692567
[incorrect advisers incomplete]|0.7861820150744995
[if so]|0.7389673975395812
[you re]|0.7348469228349533
[would last]|0.7135678391959799
[presidential candidate]|0.7108847211724844
[chris jersey]|0.7073197199528166
2016-02-08
[super bowl]|0.8921903140583672
2016-02-09
[noltenc nolte]|1.0
[sanders bernie]|0.996565154309669
[receive ads stories sponsors reserved monthly purchase atlantic copyright verified blocker whitelist ©]|0.8792784708514326
[rights thanks updates ad please]|0.8180176658789728
[chair janet]|0.8087937829944457
[writing access]|0.7751196172248804
[hampshire primary polls]|0.7636552919266267
[shares trading]|0.7244162545260482